<?xml version="1.0" encoding="UTF-8"?>
<!-- Generated by org.testng.reporters.JUnitXMLReporter -->
<testsuite ignored="5" hostname="Rifhas-Air" failures="0" tests="1" name="First Test Run" time="0.08" errors="0" timestamp="01 Dec 2020 01:41:00 GMT">
  <testcase classname="practice.HookPractice2" name="test5" time="0.016"/>
  <testcase classname="practice.HookPractice2" name="test6" time="0.0">
    <ignored/>
  </testcase> <!-- test6 -->
  <testcase classname="practice.HookPractice2" name="test4" time="0.0">
    <ignored/>
  </testcase> <!-- test4 -->
  <testcase classname="practice.HookPractice" name="test1" time="0.0">
    <ignored/>
  </testcase> <!-- test1 -->
  <testcase classname="practice.HookPractice" name="tes2t" time="0.0">
    <ignored/>
  </testcase> <!-- tes2t -->
  <testcase classname="practice.HookPractice" name="test3" time="0.0">
    <ignored/>
  </testcase> <!-- test3 -->
</testsuite> <!-- First Test Run -->
