<?xml version="1.0" encoding="UTF-8"?>
<testng-results ignored="5" total="6" passed="1" failed="0" skipped="0">
  <reporter-output>
  </reporter-output>
  <suite started-at="2020-12-01T01:41:00Z" name="Smoke Test" finished-at="2020-12-01T01:41:00Z" duration-ms="80">
    <groups>
      <group name="Odd">
        <method signature="HookPractice2.test5()[pri:0, instance:practice.HookPractice2@35cabb2a]" name="test5" class="practice.HookPractice2"/>
      </group> <!-- Odd -->
    </groups>
    <test started-at="2020-12-01T01:41:00Z" name="First Test Run" finished-at="2020-12-01T01:41:00Z" duration-ms="80">
      <class name="practice.HookPractice2">
        <test-method signature="test5()[pri:0, instance:practice.HookPractice2@35cabb2a]" started-at="2020-12-01T01:41:00Z" name="test5" finished-at="2020-12-01T01:41:00Z" duration-ms="16" status="PASS">
          <reporter-output>
          </reporter-output>
        </test-method> <!-- test5 -->
      </class> <!-- practice.HookPractice2 -->
    </test> <!-- First Test Run -->
  </suite> <!-- Smoke Test -->
</testng-results>
