<?xml version="1.0" encoding="UTF-8"?>
<testng-results ignored="0" total="1" passed="1" failed="0" skipped="0">
  <reporter-output>
  </reporter-output>
  <suite started-at="2020-12-15T02:13:52Z" name="Default suite" finished-at="2020-12-15T02:13:52Z" duration-ms="117">
    <groups>
    </groups>
    <test started-at="2020-12-15T02:13:52Z" name="Default test" finished-at="2020-12-15T02:13:52Z" duration-ms="117">
      <class name="testRun.DataProviderPractice">
        <test-method signature="completeSentence()[pri:0, instance:testRun.DataProviderPractice@5e403b4a]" started-at="2020-12-15T02:13:52Z" name="completeSentence" finished-at="2020-12-15T02:13:52Z" duration-ms="32" status="PASS">
          <reporter-output>
          </reporter-output>
        </test-method> <!-- completeSentence -->
      </class> <!-- testRun.DataProviderPractice -->
    </test> <!-- Default test -->
  </suite> <!-- Default suite -->
</testng-results>
